0 verbose cli /usr/local/bin/node /usr/local/bin/npm
1 info using npm@9.4.0
2 info using node@v19.5.0
3 timing npm:load:whichnode Completed in 1ms
4 timing config:load:defaults Completed in 1ms
5 timing config:load:file:/usr/local/lib/node_modules/npm/npmrc Completed in 0ms
6 timing config:load:builtin Completed in 1ms
7 timing config:load:cli Completed in 1ms
8 timing config:load:env Completed in 0ms
9 timing config:load:project Completed in 14ms
10 timing config:load:file:/home/container/.npmrc Completed in 0ms
11 timing config:load:user Completed in 0ms
12 timing config:load:file:/usr/local/etc/npmrc Completed in 1ms
13 timing config:load:global Completed in 1ms
14 timing config:load:setEnvs Completed in 1ms
15 timing config:load Completed in 20ms
16 timing npm:load:configload Completed in 20ms
17 timing npm:load:mkdirpcache Completed in 1ms
18 timing npm:load:mkdirplogs Completed in 0ms
19 verbose title npm start
20 verbose argv "start"
21 timing npm:load:setTitle Completed in 2ms
22 timing config:load:flatten Completed in 3ms
23 timing npm:load:display Completed in 3ms
24 verbose logfile logs-max:10 dir:/home/container/.npm/_logs/2023-02-17T11_37_00_845Z-
25 verbose logfile /home/container/.npm/_logs/2023-02-17T11_37_00_845Z-debug-0.log
26 timing npm:load:logFile Completed in 5ms
27 timing npm:load:timers Completed in 0ms
28 timing npm:load:configScope Completed in 0ms
29 timing npm:load Completed in 32ms
30 silly logfile done cleaning log files
31 timing command:run-script Completed in 11ms
32 timing command:start Completed in 15ms
33 verbose stack Error: ENOENT: no such file or directory, open '/home/container/package.json'
34 verbose cwd /home/container
35 verbose Linux 5.15.0-58-generic
36 verbose node v19.5.0
37 verbose npm  v9.4.0
38 error code ENOENT
39 error syscall open
40 error path /home/container/package.json
41 error errno -2
42 error enoent ENOENT: no such file or directory, open '/home/container/package.json'
43 error enoent This is related to npm not being able to find a file.
43 error enoent
44 verbose exit -2
45 timing npm Completed in 59ms
46 verbose code -2
47 error A complete log of this run can be found in:
47 error     /home/container/.npm/_logs/2023-02-17T11_37_00_845Z-debug-0.log
